ARM GAS  /tmp/cc0uAuTO.s 			page 1


   1              		.cpu cortex-m0plus
   2              		.arch armv6s-m
   3              		.fpu softvfp
   4              		.eabi_attribute 20, 1
   5              		.eabi_attribute 21, 1
   6              		.eabi_attribute 23, 3
   7              		.eabi_attribute 24, 1
   8              		.eabi_attribute 25, 1
   9              		.eabi_attribute 26, 1
  10              		.eabi_attribute 30, 1
  11              		.eabi_attribute 34, 0
  12              		.eabi_attribute 18, 4
  13              		.file	"stm32l0xx_hal_msp.c"
  14              		.text
  15              	.Ltext0:
  16              		.cfi_sections	.debug_frame
  17              		.section	.text.HAL_MspInit,"ax",%progbits
  18              		.align	1
  19              		.global	HAL_MspInit
  20              		.syntax unified
  21              		.code	16
  22              		.thumb_func
  24              	HAL_MspInit:
  25              	.LFB40:
  26              		.file 1 "Core/Src/stm32l0xx_hal_msp.c"
   1:Core/Src/stm32l0xx_hal_msp.c **** /* USER CODE BEGIN Header */
   2:Core/Src/stm32l0xx_hal_msp.c **** /**
   3:Core/Src/stm32l0xx_hal_msp.c ****   ******************************************************************************
   4:Core/Src/stm32l0xx_hal_msp.c ****   * @file         stm32l0xx_hal_msp.c
   5:Core/Src/stm32l0xx_hal_msp.c ****   * @brief        This file provides code for the MSP Initialization
   6:Core/Src/stm32l0xx_hal_msp.c ****   *               and de-Initialization codes.
   7:Core/Src/stm32l0xx_hal_msp.c ****   ******************************************************************************
   8:Core/Src/stm32l0xx_hal_msp.c ****   * @attention
   9:Core/Src/stm32l0xx_hal_msp.c ****   *
  10:Core/Src/stm32l0xx_hal_msp.c ****   * Copyright (c) 2022 STMicroelectronics.
  11:Core/Src/stm32l0xx_hal_msp.c ****   * All rights reserved.
  12:Core/Src/stm32l0xx_hal_msp.c ****   *
  13:Core/Src/stm32l0xx_hal_msp.c ****   * This software is licensed under terms that can be found in the LICENSE file
  14:Core/Src/stm32l0xx_hal_msp.c ****   * in the root directory of this software component.
  15:Core/Src/stm32l0xx_hal_msp.c ****   * If no LICENSE file comes with this software, it is provided AS-IS.
  16:Core/Src/stm32l0xx_hal_msp.c ****   *
  17:Core/Src/stm32l0xx_hal_msp.c ****   ******************************************************************************
  18:Core/Src/stm32l0xx_hal_msp.c ****   */
  19:Core/Src/stm32l0xx_hal_msp.c **** /* USER CODE END Header */
  20:Core/Src/stm32l0xx_hal_msp.c **** 
  21:Core/Src/stm32l0xx_hal_msp.c **** /* Includes ------------------------------------------------------------------*/
  22:Core/Src/stm32l0xx_hal_msp.c **** #include "main.h"
  23:Core/Src/stm32l0xx_hal_msp.c **** /* USER CODE BEGIN Includes */
  24:Core/Src/stm32l0xx_hal_msp.c **** 
  25:Core/Src/stm32l0xx_hal_msp.c **** /* USER CODE END Includes */
  26:Core/Src/stm32l0xx_hal_msp.c **** 
  27:Core/Src/stm32l0xx_hal_msp.c **** /* Private typedef -----------------------------------------------------------*/
  28:Core/Src/stm32l0xx_hal_msp.c **** /* USER CODE BEGIN TD */
  29:Core/Src/stm32l0xx_hal_msp.c **** 
  30:Core/Src/stm32l0xx_hal_msp.c **** /* USER CODE END TD */
  31:Core/Src/stm32l0xx_hal_msp.c **** 
  32:Core/Src/stm32l0xx_hal_msp.c **** /* Private define ------------------------------------------------------------*/
ARM GAS  /tmp/cc0uAuTO.s 			page 2


  33:Core/Src/stm32l0xx_hal_msp.c **** /* USER CODE BEGIN Define */
  34:Core/Src/stm32l0xx_hal_msp.c **** 
  35:Core/Src/stm32l0xx_hal_msp.c **** /* USER CODE END Define */
  36:Core/Src/stm32l0xx_hal_msp.c **** 
  37:Core/Src/stm32l0xx_hal_msp.c **** /* Private macro -------------------------------------------------------------*/
  38:Core/Src/stm32l0xx_hal_msp.c **** /* USER CODE BEGIN Macro */
  39:Core/Src/stm32l0xx_hal_msp.c **** 
  40:Core/Src/stm32l0xx_hal_msp.c **** /* USER CODE END Macro */
  41:Core/Src/stm32l0xx_hal_msp.c **** 
  42:Core/Src/stm32l0xx_hal_msp.c **** /* Private variables ---------------------------------------------------------*/
  43:Core/Src/stm32l0xx_hal_msp.c **** /* USER CODE BEGIN PV */
  44:Core/Src/stm32l0xx_hal_msp.c **** 
  45:Core/Src/stm32l0xx_hal_msp.c **** /* USER CODE END PV */
  46:Core/Src/stm32l0xx_hal_msp.c **** 
  47:Core/Src/stm32l0xx_hal_msp.c **** /* Private function prototypes -----------------------------------------------*/
  48:Core/Src/stm32l0xx_hal_msp.c **** /* USER CODE BEGIN PFP */
  49:Core/Src/stm32l0xx_hal_msp.c **** 
  50:Core/Src/stm32l0xx_hal_msp.c **** /* USER CODE END PFP */
  51:Core/Src/stm32l0xx_hal_msp.c **** 
  52:Core/Src/stm32l0xx_hal_msp.c **** /* External functions --------------------------------------------------------*/
  53:Core/Src/stm32l0xx_hal_msp.c **** /* USER CODE BEGIN ExternalFunctions */
  54:Core/Src/stm32l0xx_hal_msp.c **** 
  55:Core/Src/stm32l0xx_hal_msp.c **** /* USER CODE END ExternalFunctions */
  56:Core/Src/stm32l0xx_hal_msp.c **** 
  57:Core/Src/stm32l0xx_hal_msp.c **** /* USER CODE BEGIN 0 */
  58:Core/Src/stm32l0xx_hal_msp.c **** 
  59:Core/Src/stm32l0xx_hal_msp.c **** /* USER CODE END 0 */
  60:Core/Src/stm32l0xx_hal_msp.c **** /**
  61:Core/Src/stm32l0xx_hal_msp.c ****   * Initializes the Global MSP.
  62:Core/Src/stm32l0xx_hal_msp.c ****   */
  63:Core/Src/stm32l0xx_hal_msp.c **** void HAL_MspInit(void)
  64:Core/Src/stm32l0xx_hal_msp.c **** {
  27              		.loc 1 64 1 view -0
  28              		.cfi_startproc
  29              		@ args = 0, pretend = 0, frame = 0
  30              		@ frame_needed = 0, uses_anonymous_args = 0
  31              		@ link register save eliminated.
  65:Core/Src/stm32l0xx_hal_msp.c ****   /* USER CODE BEGIN MspInit 0 */
  66:Core/Src/stm32l0xx_hal_msp.c **** 
  67:Core/Src/stm32l0xx_hal_msp.c ****   /* USER CODE END MspInit 0 */
  68:Core/Src/stm32l0xx_hal_msp.c **** 
  69:Core/Src/stm32l0xx_hal_msp.c ****   __HAL_RCC_SYSCFG_CLK_ENABLE();
  32              		.loc 1 69 3 view .LVU1
  33 0000 054B     		ldr	r3, .L2
  34 0002 5A6B     		ldr	r2, [r3, #52]
  35 0004 0121     		movs	r1, #1
  36 0006 0A43     		orrs	r2, r1
  37 0008 5A63     		str	r2, [r3, #52]
  70:Core/Src/stm32l0xx_hal_msp.c ****   __HAL_RCC_PWR_CLK_ENABLE();
  38              		.loc 1 70 3 view .LVU2
  39 000a 996B     		ldr	r1, [r3, #56]
  40 000c 8022     		movs	r2, #128
  41 000e 5205     		lsls	r2, r2, #21
  42 0010 0A43     		orrs	r2, r1
  43 0012 9A63     		str	r2, [r3, #56]
  71:Core/Src/stm32l0xx_hal_msp.c **** 
  72:Core/Src/stm32l0xx_hal_msp.c ****   /* System interrupt init*/
ARM GAS  /tmp/cc0uAuTO.s 			page 3


  73:Core/Src/stm32l0xx_hal_msp.c **** 
  74:Core/Src/stm32l0xx_hal_msp.c ****   /* USER CODE BEGIN MspInit 1 */
  75:Core/Src/stm32l0xx_hal_msp.c **** 
  76:Core/Src/stm32l0xx_hal_msp.c ****   /* USER CODE END MspInit 1 */
  77:Core/Src/stm32l0xx_hal_msp.c **** }
  44              		.loc 1 77 1 is_stmt 0 view .LVU3
  45              		@ sp needed
  46 0014 7047     		bx	lr
  47              	.L3:
  48 0016 C046     		.align	2
  49              	.L2:
  50 0018 00100240 		.word	1073876992
  51              		.cfi_endproc
  52              	.LFE40:
  54              		.section	.text.HAL_UART_MspInit,"ax",%progbits
  55              		.align	1
  56              		.global	HAL_UART_MspInit
  57              		.syntax unified
  58              		.code	16
  59              		.thumb_func
  61              	HAL_UART_MspInit:
  62              	.LVL0:
  63              	.LFB41:
  78:Core/Src/stm32l0xx_hal_msp.c **** 
  79:Core/Src/stm32l0xx_hal_msp.c **** /**
  80:Core/Src/stm32l0xx_hal_msp.c **** * @brief UART MSP Initialization
  81:Core/Src/stm32l0xx_hal_msp.c **** * This function configures the hardware resources used in this example
  82:Core/Src/stm32l0xx_hal_msp.c **** * @param huart: UART handle pointer
  83:Core/Src/stm32l0xx_hal_msp.c **** * @retval None
  84:Core/Src/stm32l0xx_hal_msp.c **** */
  85:Core/Src/stm32l0xx_hal_msp.c **** void HAL_UART_MspInit(UART_HandleTypeDef* huart)
  86:Core/Src/stm32l0xx_hal_msp.c **** {
  64              		.loc 1 86 1 is_stmt 1 view -0
  65              		.cfi_startproc
  66              		@ args = 0, pretend = 0, frame = 24
  67              		@ frame_needed = 0, uses_anonymous_args = 0
  68              		.loc 1 86 1 is_stmt 0 view .LVU5
  69 0000 10B5     		push	{r4, lr}
  70              	.LCFI0:
  71              		.cfi_def_cfa_offset 8
  72              		.cfi_offset 4, -8
  73              		.cfi_offset 14, -4
  74 0002 86B0     		sub	sp, sp, #24
  75              	.LCFI1:
  76              		.cfi_def_cfa_offset 32
  77 0004 0400     		movs	r4, r0
  87:Core/Src/stm32l0xx_hal_msp.c ****   GPIO_InitTypeDef GPIO_InitStruct = {0};
  78              		.loc 1 87 3 is_stmt 1 view .LVU6
  79              		.loc 1 87 20 is_stmt 0 view .LVU7
  80 0006 1422     		movs	r2, #20
  81 0008 0021     		movs	r1, #0
  82 000a 01A8     		add	r0, sp, #4
  83              	.LVL1:
  84              		.loc 1 87 20 view .LVU8
  85 000c FFF7FEFF 		bl	memset
  86              	.LVL2:
  88:Core/Src/stm32l0xx_hal_msp.c ****   if(huart->Instance==USART2)
ARM GAS  /tmp/cc0uAuTO.s 			page 4


  87              		.loc 1 88 3 is_stmt 1 view .LVU9
  88              		.loc 1 88 11 is_stmt 0 view .LVU10
  89 0010 2268     		ldr	r2, [r4]
  90              		.loc 1 88 5 view .LVU11
  91 0012 104B     		ldr	r3, .L7
  92 0014 9A42     		cmp	r2, r3
  93 0016 01D0     		beq	.L6
  94              	.L4:
  89:Core/Src/stm32l0xx_hal_msp.c ****   {
  90:Core/Src/stm32l0xx_hal_msp.c ****   /* USER CODE BEGIN USART2_MspInit 0 */
  91:Core/Src/stm32l0xx_hal_msp.c **** 
  92:Core/Src/stm32l0xx_hal_msp.c ****   /* USER CODE END USART2_MspInit 0 */
  93:Core/Src/stm32l0xx_hal_msp.c ****     /* Peripheral clock enable */
  94:Core/Src/stm32l0xx_hal_msp.c ****     __HAL_RCC_USART2_CLK_ENABLE();
  95:Core/Src/stm32l0xx_hal_msp.c **** 
  96:Core/Src/stm32l0xx_hal_msp.c ****     __HAL_RCC_GPIOA_CLK_ENABLE();
  97:Core/Src/stm32l0xx_hal_msp.c ****     /**USART2 GPIO Configuration
  98:Core/Src/stm32l0xx_hal_msp.c ****     PA2     ------> USART2_TX
  99:Core/Src/stm32l0xx_hal_msp.c ****     PA15     ------> USART2_RX
 100:Core/Src/stm32l0xx_hal_msp.c ****     */
 101:Core/Src/stm32l0xx_hal_msp.c ****     GPIO_InitStruct.Pin = VCP_TX_Pin|VCP_RX_Pin;
 102:Core/Src/stm32l0xx_hal_msp.c ****     GPIO_InitStruct.Mode = GPIO_MODE_AF_PP;
 103:Core/Src/stm32l0xx_hal_msp.c ****     GPIO_InitStruct.Pull = GPIO_NOPULL;
 104:Core/Src/stm32l0xx_hal_msp.c ****     GPIO_InitStruct.Speed = GPIO_SPEED_FREQ_VERY_HIGH;
 105:Core/Src/stm32l0xx_hal_msp.c ****     GPIO_InitStruct.Alternate = GPIO_AF4_USART2;
 106:Core/Src/stm32l0xx_hal_msp.c ****     HAL_GPIO_Init(GPIOA, &GPIO_InitStruct);
 107:Core/Src/stm32l0xx_hal_msp.c **** 
 108:Core/Src/stm32l0xx_hal_msp.c ****   /* USER CODE BEGIN USART2_MspInit 1 */
 109:Core/Src/stm32l0xx_hal_msp.c **** 
 110:Core/Src/stm32l0xx_hal_msp.c ****   /* USER CODE END USART2_MspInit 1 */
 111:Core/Src/stm32l0xx_hal_msp.c ****   }
 112:Core/Src/stm32l0xx_hal_msp.c **** 
 113:Core/Src/stm32l0xx_hal_msp.c **** }
  95              		.loc 1 113 1 view .LVU12
  96 0018 06B0     		add	sp, sp, #24
  97              		@ sp needed
  98              	.LVL3:
  99              		.loc 1 113 1 view .LVU13
 100 001a 10BD     		pop	{r4, pc}
 101              	.LVL4:
 102              	.L6:
  94:Core/Src/stm32l0xx_hal_msp.c **** 
 103              		.loc 1 94 5 is_stmt 1 view .LVU14
 104 001c 0E4B     		ldr	r3, .L7+4
 105 001e 996B     		ldr	r1, [r3, #56]
 106 0020 8022     		movs	r2, #128
 107 0022 9202     		lsls	r2, r2, #10
 108 0024 0A43     		orrs	r2, r1
 109 0026 9A63     		str	r2, [r3, #56]
  96:Core/Src/stm32l0xx_hal_msp.c ****     /**USART2 GPIO Configuration
 110              		.loc 1 96 5 view .LVU15
 111              	.LBB2:
  96:Core/Src/stm32l0xx_hal_msp.c ****     /**USART2 GPIO Configuration
 112              		.loc 1 96 5 view .LVU16
  96:Core/Src/stm32l0xx_hal_msp.c ****     /**USART2 GPIO Configuration
 113              		.loc 1 96 5 view .LVU17
 114 0028 D96A     		ldr	r1, [r3, #44]
ARM GAS  /tmp/cc0uAuTO.s 			page 5


 115 002a 0122     		movs	r2, #1
 116 002c 1143     		orrs	r1, r2
 117 002e D962     		str	r1, [r3, #44]
  96:Core/Src/stm32l0xx_hal_msp.c ****     /**USART2 GPIO Configuration
 118              		.loc 1 96 5 view .LVU18
 119 0030 DB6A     		ldr	r3, [r3, #44]
 120 0032 1A40     		ands	r2, r3
 121 0034 0092     		str	r2, [sp]
  96:Core/Src/stm32l0xx_hal_msp.c ****     /**USART2 GPIO Configuration
 122              		.loc 1 96 5 view .LVU19
 123 0036 009B     		ldr	r3, [sp]
 124              	.LBE2:
  96:Core/Src/stm32l0xx_hal_msp.c ****     /**USART2 GPIO Configuration
 125              		.loc 1 96 5 view .LVU20
 101:Core/Src/stm32l0xx_hal_msp.c ****     GPIO_InitStruct.Mode = GPIO_MODE_AF_PP;
 126              		.loc 1 101 5 view .LVU21
 101:Core/Src/stm32l0xx_hal_msp.c ****     GPIO_InitStruct.Mode = GPIO_MODE_AF_PP;
 127              		.loc 1 101 25 is_stmt 0 view .LVU22
 128 0038 084B     		ldr	r3, .L7+8
 129 003a 0193     		str	r3, [sp, #4]
 102:Core/Src/stm32l0xx_hal_msp.c ****     GPIO_InitStruct.Pull = GPIO_NOPULL;
 130              		.loc 1 102 5 is_stmt 1 view .LVU23
 102:Core/Src/stm32l0xx_hal_msp.c ****     GPIO_InitStruct.Pull = GPIO_NOPULL;
 131              		.loc 1 102 26 is_stmt 0 view .LVU24
 132 003c 0223     		movs	r3, #2
 133 003e 0293     		str	r3, [sp, #8]
 103:Core/Src/stm32l0xx_hal_msp.c ****     GPIO_InitStruct.Speed = GPIO_SPEED_FREQ_VERY_HIGH;
 134              		.loc 1 103 5 is_stmt 1 view .LVU25
 104:Core/Src/stm32l0xx_hal_msp.c ****     GPIO_InitStruct.Alternate = GPIO_AF4_USART2;
 135              		.loc 1 104 5 view .LVU26
 104:Core/Src/stm32l0xx_hal_msp.c ****     GPIO_InitStruct.Alternate = GPIO_AF4_USART2;
 136              		.loc 1 104 27 is_stmt 0 view .LVU27
 137 0040 0133     		adds	r3, r3, #1
 138 0042 0493     		str	r3, [sp, #16]
 105:Core/Src/stm32l0xx_hal_msp.c ****     HAL_GPIO_Init(GPIOA, &GPIO_InitStruct);
 139              		.loc 1 105 5 is_stmt 1 view .LVU28
 105:Core/Src/stm32l0xx_hal_msp.c ****     HAL_GPIO_Init(GPIOA, &GPIO_InitStruct);
 140              		.loc 1 105 31 is_stmt 0 view .LVU29
 141 0044 0133     		adds	r3, r3, #1
 142 0046 0593     		str	r3, [sp, #20]
 106:Core/Src/stm32l0xx_hal_msp.c **** 
 143              		.loc 1 106 5 is_stmt 1 view .LVU30
 144 0048 A020     		movs	r0, #160
 145 004a 01A9     		add	r1, sp, #4
 146 004c C005     		lsls	r0, r0, #23
 147 004e FFF7FEFF 		bl	HAL_GPIO_Init
 148              	.LVL5:
 149              		.loc 1 113 1 is_stmt 0 view .LVU31
 150 0052 E1E7     		b	.L4
 151              	.L8:
 152              		.align	2
 153              	.L7:
 154 0054 00440040 		.word	1073759232
 155 0058 00100240 		.word	1073876992
 156 005c 04800000 		.word	32772
 157              		.cfi_endproc
 158              	.LFE41:
ARM GAS  /tmp/cc0uAuTO.s 			page 6


 160              		.section	.text.HAL_UART_MspDeInit,"ax",%progbits
 161              		.align	1
 162              		.global	HAL_UART_MspDeInit
 163              		.syntax unified
 164              		.code	16
 165              		.thumb_func
 167              	HAL_UART_MspDeInit:
 168              	.LVL6:
 169              	.LFB42:
 114:Core/Src/stm32l0xx_hal_msp.c **** 
 115:Core/Src/stm32l0xx_hal_msp.c **** /**
 116:Core/Src/stm32l0xx_hal_msp.c **** * @brief UART MSP De-Initialization
 117:Core/Src/stm32l0xx_hal_msp.c **** * This function freeze the hardware resources used in this example
 118:Core/Src/stm32l0xx_hal_msp.c **** * @param huart: UART handle pointer
 119:Core/Src/stm32l0xx_hal_msp.c **** * @retval None
 120:Core/Src/stm32l0xx_hal_msp.c **** */
 121:Core/Src/stm32l0xx_hal_msp.c **** void HAL_UART_MspDeInit(UART_HandleTypeDef* huart)
 122:Core/Src/stm32l0xx_hal_msp.c **** {
 170              		.loc 1 122 1 is_stmt 1 view -0
 171              		.cfi_startproc
 172              		@ args = 0, pretend = 0, frame = 0
 173              		@ frame_needed = 0, uses_anonymous_args = 0
 174              		.loc 1 122 1 is_stmt 0 view .LVU33
 175 0000 10B5     		push	{r4, lr}
 176              	.LCFI2:
 177              		.cfi_def_cfa_offset 8
 178              		.cfi_offset 4, -8
 179              		.cfi_offset 14, -4
 123:Core/Src/stm32l0xx_hal_msp.c ****   if(huart->Instance==USART2)
 180              		.loc 1 123 3 is_stmt 1 view .LVU34
 181              		.loc 1 123 11 is_stmt 0 view .LVU35
 182 0002 0268     		ldr	r2, [r0]
 183              		.loc 1 123 5 view .LVU36
 184 0004 074B     		ldr	r3, .L12
 185 0006 9A42     		cmp	r2, r3
 186 0008 00D0     		beq	.L11
 187              	.LVL7:
 188              	.L9:
 124:Core/Src/stm32l0xx_hal_msp.c ****   {
 125:Core/Src/stm32l0xx_hal_msp.c ****   /* USER CODE BEGIN USART2_MspDeInit 0 */
 126:Core/Src/stm32l0xx_hal_msp.c **** 
 127:Core/Src/stm32l0xx_hal_msp.c ****   /* USER CODE END USART2_MspDeInit 0 */
 128:Core/Src/stm32l0xx_hal_msp.c ****     /* Peripheral clock disable */
 129:Core/Src/stm32l0xx_hal_msp.c ****     __HAL_RCC_USART2_CLK_DISABLE();
 130:Core/Src/stm32l0xx_hal_msp.c **** 
 131:Core/Src/stm32l0xx_hal_msp.c ****     /**USART2 GPIO Configuration
 132:Core/Src/stm32l0xx_hal_msp.c ****     PA2     ------> USART2_TX
 133:Core/Src/stm32l0xx_hal_msp.c ****     PA15     ------> USART2_RX
 134:Core/Src/stm32l0xx_hal_msp.c ****     */
 135:Core/Src/stm32l0xx_hal_msp.c ****     HAL_GPIO_DeInit(GPIOA, VCP_TX_Pin|VCP_RX_Pin);
 136:Core/Src/stm32l0xx_hal_msp.c **** 
 137:Core/Src/stm32l0xx_hal_msp.c ****   /* USER CODE BEGIN USART2_MspDeInit 1 */
 138:Core/Src/stm32l0xx_hal_msp.c **** 
 139:Core/Src/stm32l0xx_hal_msp.c ****   /* USER CODE END USART2_MspDeInit 1 */
 140:Core/Src/stm32l0xx_hal_msp.c ****   }
 141:Core/Src/stm32l0xx_hal_msp.c **** 
 142:Core/Src/stm32l0xx_hal_msp.c **** }
ARM GAS  /tmp/cc0uAuTO.s 			page 7


 189              		.loc 1 142 1 view .LVU37
 190              		@ sp needed
 191 000a 10BD     		pop	{r4, pc}
 192              	.LVL8:
 193              	.L11:
 129:Core/Src/stm32l0xx_hal_msp.c **** 
 194              		.loc 1 129 5 is_stmt 1 view .LVU38
 195 000c 064A     		ldr	r2, .L12+4
 196 000e 936B     		ldr	r3, [r2, #56]
 197 0010 0649     		ldr	r1, .L12+8
 198 0012 0B40     		ands	r3, r1
 199 0014 9363     		str	r3, [r2, #56]
 135:Core/Src/stm32l0xx_hal_msp.c **** 
 200              		.loc 1 135 5 view .LVU39
 201 0016 A020     		movs	r0, #160
 202              	.LVL9:
 135:Core/Src/stm32l0xx_hal_msp.c **** 
 203              		.loc 1 135 5 is_stmt 0 view .LVU40
 204 0018 0549     		ldr	r1, .L12+12
 205 001a C005     		lsls	r0, r0, #23
 206 001c FFF7FEFF 		bl	HAL_GPIO_DeInit
 207              	.LVL10:
 208              		.loc 1 142 1 view .LVU41
 209 0020 F3E7     		b	.L9
 210              	.L13:
 211 0022 C046     		.align	2
 212              	.L12:
 213 0024 00440040 		.word	1073759232
 214 0028 00100240 		.word	1073876992
 215 002c FFFFFDFF 		.word	-131073
 216 0030 04800000 		.word	32772
 217              		.cfi_endproc
 218              	.LFE42:
 220              		.text
 221              	.Letext0:
 222              		.file 2 "/usr/share/gcc-arm-none-eabi-10.3-2021.10/arm-none-eabi/include/machine/_default_types.h"
 223              		.file 3 "/usr/share/gcc-arm-none-eabi-10.3-2021.10/arm-none-eabi/include/sys/_stdint.h"
 224              		.file 4 "Drivers/CMSIS/Device/ST/STM32L0xx/Include/stm32l011xx.h"
 225              		.file 5 "Drivers/STM32L0xx_HAL_Driver/Inc/stm32l0xx_hal_def.h"
 226              		.file 6 "Drivers/STM32L0xx_HAL_Driver/Inc/stm32l0xx_hal_gpio.h"
 227              		.file 7 "Drivers/STM32L0xx_HAL_Driver/Inc/stm32l0xx_hal_dma.h"
 228              		.file 8 "Drivers/STM32L0xx_HAL_Driver/Inc/stm32l0xx_hal_uart.h"
 229              		.file 9 "<built-in>"
ARM GAS  /tmp/cc0uAuTO.s 			page 8


DEFINED SYMBOLS
                            *ABS*:0000000000000000 stm32l0xx_hal_msp.c
     /tmp/cc0uAuTO.s:18     .text.HAL_MspInit:0000000000000000 $t
     /tmp/cc0uAuTO.s:24     .text.HAL_MspInit:0000000000000000 HAL_MspInit
     /tmp/cc0uAuTO.s:50     .text.HAL_MspInit:0000000000000018 $d
     /tmp/cc0uAuTO.s:55     .text.HAL_UART_MspInit:0000000000000000 $t
     /tmp/cc0uAuTO.s:61     .text.HAL_UART_MspInit:0000000000000000 HAL_UART_MspInit
     /tmp/cc0uAuTO.s:154    .text.HAL_UART_MspInit:0000000000000054 $d
     /tmp/cc0uAuTO.s:161    .text.HAL_UART_MspDeInit:0000000000000000 $t
     /tmp/cc0uAuTO.s:167    .text.HAL_UART_MspDeInit:0000000000000000 HAL_UART_MspDeInit
     /tmp/cc0uAuTO.s:213    .text.HAL_UART_MspDeInit:0000000000000024 $d

UNDEFINED SYMBOLS
memset
HAL_GPIO_Init
HAL_GPIO_DeInit
